# JRE version: OpenJDK Runtime Environment (17.0.11) (build 17.0.11+0--11852314)
# Java VM: OpenJDK 64-Bit Server VM (17.0.11+0--11852314, mixed mode, tiered, compressed oops, compressed class ptrs, g1 gc, windows-amd64)
GC Precious Log:
 CPUs: 8 total, 8 available
 Memory: 7413M
 Large Page Support: Disabled
 NUMA Support: Disabled
 Compressed Oops: Enabled (Zero based)
 Heap Region Size: 2M
 Heap Min Capacity: 8M
 Heap Initial Capacity: 116M
 Heap Max Capacity: 4G
 Pre-touch: Disabled
 Parallel Workers: 8
 Concurrent Workers: 2
 Concurrent Refinement Workers: 8
 Periodic GC: Disabled
Heap:
 garbage-first heap   total 811008K, used 321384K [0x0000000700000000, 0x0000000800000000)
  region size 2048K, 14 young (28672K), 14 survivors (28672K)
 Metaspace       used 121868K, committed 123712K, reserved 1179648K
  class space    used 16552K, committed 17344K, reserved 1048576K
GC Heap History (20 events):
Event: 692.362 GC heap after
{Heap after GC invocations=70 (full 0):
 garbage-first heap   total 811008K, used 321684K [0x0000000700000000, 0x0000000800000000)
  region size 2048K, 6 young (12288K), 6 survivors (12288K)
 Metaspace       used 119961K, committed 121664K, reserved 1179648K
  class space    used 16469K, committed 17216K, reserved 1048576K
}
Event: 805.344 GC heap before
{Heap before GC invocations=70 (full 0):
 garbage-first heap   total 811008K, used 702612K [0x0000000700000000, 0x0000000800000000)
  region size 2048K, 148 young (303104K), 6 survivors (12288K)
 Metaspace       used 120495K, committed 122176K, reserved 1179648K
  class space    used 16488K, committed 17216K, reserved 1048576K
}
Event: 805.463 GC heap after
{Heap after GC invocations=71 (full 0):
 garbage-first heap   total 811008K, used 333404K [0x0000000700000000, 0x0000000800000000)
  region size 2048K, 19 young (38912K), 19 survivors (38912K)
 Metaspace       used 120495K, committed 122176K, reserved 1179648K
  class space    used 16488K, committed 17216K, reserved 1048576K
}
Event: 809.877 GC heap before
{Heap before GC invocations=71 (full 0):
 garbage-first heap   total 811008K, used 560732K [0x0000000700000000, 0x0000000800000000)
  region size 2048K, 90 young (184320K), 19 survivors (38912K)
 Metaspace       used 120755K, committed 122496K, reserved 1179648K
  class space    used 16504K, committed 17280K, reserved 1048576K
}
Event: 809.938 GC heap after
{Heap after GC invocations=72 (full 0):
 garbage-first heap   total 811008K, used 344629K [0x0000000700000000, 0x0000000800000000)
  region size 2048K, 6 young (12288K), 6 survivors (12288K)
 Metaspace       used 120755K, committed 122496K, reserved 1179648K
  class space    used 16504K, committed 17280K, reserved 1048576K
}
Event: 810.007 GC heap before
{Heap before GC invocations=72 (full 0):
 garbage-first heap   total 811008K, used 416309K [0x0000000700000000, 0x0000000800000000)
  region size 2048K, 7 young (14336K), 6 survivors (12288K)
 Metaspace       used 120755K, committed 122496K, reserved 1179648K
  class space    used 16504K, committed 17280K, reserved 1048576K
}
Event: 810.016 GC heap after
{Heap after GC invocations=73 (full 0):
 garbage-first heap   total 811008K, used 370324K [0x0000000700000000, 0x0000000800000000)
  region size 2048K, 6 young (12288K), 6 survivors (12288K)
 Metaspace       used 120755K, committed 122496K, reserved 1179648K
  class space    used 16504K, committed 17280K, reserved 1048576K
}
Event: 810.042 GC heap before
{Heap before GC invocations=73 (full 0):
 garbage-first heap   total 811008K, used 401044K [0x0000000700000000, 0x0000000800000000)
  region size 2048K, 7 young (14336K), 6 survivors (12288K)
 Metaspace       used 120755K, committed 122496K, reserved 1179648K
  class space    used 16504K, committed 17280K, reserved 1048576K
}
Event: 810.048 GC heap after
{Heap after GC invocations=74 (full 0):
 garbage-first heap   total 811008K, used 369205K [0x0000000700000000, 0x0000000800000000)
  region size 2048K, 5 young (10240K), 5 survivors (10240K)
 Metaspace       used 120755K, committed 122496K, reserved 1179648K
  class space    used 16504K, committed 17280K, reserved 1048576K
}
Event: 810.058 GC heap before
{Heap before GC invocations=74 (full 0):
 garbage-first heap   total 811008K, used 391733K [0x0000000700000000, 0x0000000800000000)
  region size 2048K, 6 young (12288K), 5 survivors (10240K)
 Metaspace       used 120755K, committed 122496K, reserved 1179648K
  class space    used 16504K, committed 17280K, reserved 1048576K
}
Event: 810.063 GC heap after
{Heap after GC invocations=75 (full 0):
 garbage-first heap   total 811008K, used 367392K [0x0000000700000000, 0x0000000800000000)
  region size 2048K, 6 young (12288K), 6 survivors (12288K)
 Metaspace       used 120755K, committed 122496K, reserved 1179648K
  class space    used 16504K, committed 17280K, reserved 1048576K
}
Event: 1877.843 GC heap before
{Heap before GC invocations=75 (full 0):
 garbage-first heap   total 811008K, used 682784K [0x0000000700000000, 0x0000000800000000)
  region size 2048K, 158 young (323584K), 6 survivors (12288K)
 Metaspace       used 121351K, committed 123072K, reserved 1179648K
  class space    used 16525K, committed 17280K, reserved 1048576K
}
Event: 1877.954 GC heap after
{Heap after GC invocations=76 (full 0):
 garbage-first heap   total 811008K, used 378818K [0x0000000700000000, 0x0000000800000000)
  region size 2048K, 20 young (40960K), 20 survivors (40960K)
 Metaspace       used 121351K, committed 123072K, reserved 1179648K
  class space    used 16525K, committed 17280K, reserved 1048576K
}
Event: 1880.197 GC heap before
{Heap before GC invocations=76 (full 0):
 garbage-first heap   total 811008K, used 460738K [0x0000000700000000, 0x0000000800000000)
  region size 2048K, 61 young (124928K), 20 survivors (40960K)
 Metaspace       used 121471K, committed 123328K, reserved 1179648K
  class space    used 16541K, committed 17344K, reserved 1048576K
}
Event: 1880.258 GC heap after
{Heap after GC invocations=77 (full 0):
 garbage-first heap   total 811008K, used 386120K [0x0000000700000000, 0x0000000800000000)
  region size 2048K, 5 young (10240K), 5 survivors (10240K)
 Metaspace       used 121471K, committed 123328K, reserved 1179648K
  class space    used 16541K, committed 17344K, reserved 1048576K
}
Event: 2684.162 GC heap before
{Heap before GC invocations=78 (full 0):
 garbage-first heap   total 811008K, used 767048K [0x0000000700000000, 0x0000000800000000)
  region size 2048K, 116 young (237568K), 5 survivors (10240K)
 Metaspace       used 121681K, committed 123456K, reserved 1179648K
  class space    used 16550K, committed 17344K, reserved 1048576K
}
Event: 2684.347 GC heap after
{Heap after GC invocations=79 (full 0):
 garbage-first heap   total 811008K, used 342929K [0x0000000700000000, 0x0000000800000000)
  region size 2048K, 13 young (26624K), 13 survivors (26624K)
 Metaspace       used 121681K, committed 123456K, reserved 1179648K
  class space    used 16550K, committed 17344K, reserved 1048576K
}
Event: 2684.445 GC heap before
{Heap before GC invocations=79 (full 0):
 garbage-first heap   total 811008K, used 355217K [0x0000000700000000, 0x0000000800000000)
  region size 2048K, 19 young (38912K), 13 survivors (26624K)
 Metaspace       used 121689K, committed 123456K, reserved 1179648K
  class space    used 16550K, committed 17344K, reserved 1048576K
}
Event: 2684.608 GC heap after
{Heap after GC invocations=80 (full 0):
 garbage-first heap   total 811008K, used 298424K [0x0000000700000000, 0x0000000800000000)
  region size 2048K, 3 young (6144K), 3 survivors (6144K)
 Metaspace       used 121689K, committed 123456K, reserved 1179648K
  class space    used 16550K, committed 17344K, reserved 1048576K
}
Event: 2697.571 GC heap before
{Heap before GC invocations=80 (full 0):
 garbage-first heap   total 811008K, used 503224K [0x0000000700000000, 0x0000000800000000)
  region size 2048K, 105 young (215040K), 3 survivors (6144K)
 Metaspace       used 121868K, committed 123712K, reserved 1179648K
  class space    used 16552K, committed 17344K, reserved 1048576K
}

